#
# A fatal error has been detected by the Java Runtime Environment:
#
#  SIGSEGV (0xb) at pc=0x00007fd1feea37dc, pid=7675, tid=140539461867264
#
# JRE version: OpenJDK Runtime Environment (8.0_91-b14) (build 1.8.0_91-8u91-b14-0ubuntu4~16.04.1-b14)
# Java VM: OpenJDK 64-Bit Server VM (25.91-b14 mixed mode linux-amd64 compressed oops)
# Problematic frame:
# V  [libjvm.so+0x83f7dc]
#
# Failed to write core dump. Core dumps have been disabled. To enable core dumping, try "ulimit -c unlimited" before starting Java again
#
# If you would like to submit a bug report, please visit:
#   http://bugreport.java.com/bugreport/crash.jsp
#

---------------  T H R E A D  ---------------

Current thread (0x00007fd1f80c5800):  JavaThread "JDWP Transport Listener: dt_socket" daemon [_thread_in_vm, id=7698, stack(0x00007fd1e4a39000,0x00007fd1e4b3a000)]

siginfo: si_signo: 11 (SIGSEGV), si_code: 128 (SI_KERNEL), si_addr: 0x0000000000000000

Registers:
RAX=0x0000000000000063, RBX=0x003b79727473003b, RCX=0x00007fd1ff7ac2c0, RDX=0x00007fd1ff5742d8
RSP=0x00007fd1e4b389d0, RBP=0x00007fd1e4b389e0, RSI=0x00007fd1f80c5800, RDI=0x00007fd1b00078b0
R8 =0x0000000000000000, R9 =0x0000000000000001, R10=0x0000000000000000, R11=0x0000000000000001
R12=0x00007fd1b00078b0, R13=0x00007fd1e4b38acf, R14=0x00007fd1e4b38a00, R15=0x00007fd1f80c5800
RIP=0x00007fd1feea37dc, EFLAGS=0x0000000000010202, CSGSFS=0x0000000000000033, ERR=0x0000000000000000
  TRAPNO=0x000000000000000d

Top of Stack: (sp=0x00007fd1e4b389d0)
0x00007fd1e4b389d0:   00007fd1b00078b0 00007fd1f8004510
0x00007fd1e4b389e0:   00007fd1e4b38a60 00007fd1fed2404a
0x00007fd1e4b389f0:   00000000d910afe8 00007fd1e4b38ad0
0x00007fd1e4b38a00:   00007fd1f80c5800 0000000000000000
0x00007fd1e4b38a10:   00007fd100000000 0000000000000000
0x00007fd1e4b38a20:   00000000f80c59e0 4a71ef0a9d413600
0x00007fd1e4b38a30:   00007fd1f80c5800 00007fd1e4b38acf
0x00007fd1e4b38a40:   00007fd1fd77af00 00007fd1b00078b0
0x00007fd1e4b38a50:   00007fd1b00078b0 00007fd1e4b38acf
0x00007fd1e4b38a60:   00007fd1e4b38a90 00007fd1fd567069
0x00007fd1e4b38a70:   00007fd1e4b38a90 0000000000000000
0x00007fd1e4b38a80:   0000000000000000 00007fd1e4b38ba0
0x00007fd1e4b38a90:   00007fd1e4b38b30 00007fd1fd546420
0x00007fd1e4b38aa0:   00007fd1e4b38ae8 00007fd1e4b38af0
0x00007fd1e4b38ab0:   00000001e4b38ba0 00007fd1e4b38ad4
0x00007fd1e4b38ac0:   00007fd1e4b38af0 00007fd1fd54bd09
0x00007fd1e4b38ad0:   00007fd100000002 00007fd1b0007a00
0x00007fd1e4b38ae0:   0000000000000000 0000000000000000
0x00007fd1e4b38af0:   0000000000000000 4a71ef0a9d413600
0x00007fd1e4b38b00:   000000000000000f 0000000000000002
0x00007fd1e4b38b10:   00007fd1e4b38b70 000000000000000f
0x00007fd1e4b38b20:   00007fd1e4b38ba0 00007fd1fd77af00
0x00007fd1e4b38b30:   00007fd1e4b38d60 00007fd1fd551238
0x00007fd1e4b38b40:   00007fd1f80c6728 00007fd1000f0200
0x00007fd1e4b38b50:   0000390c00000013 00007fd1f80f0200
0x00007fd1e4b38b60:   00007fd1a8000fb0 0000000000000000
0x00007fd1e4b38b70:   00007fd1a8000fb8 000000000000000b
0x00007fd1e4b38b80:   0000390c00000013 00007fd1f80f0200
0x00007fd1e4b38b90:   00007fd1a8000fb0 00007fd1b000ab30
0x00007fd1e4b38ba0:   00007fd1e4b38bf4 00007fd100000128
0x00007fd1e4b38bb0:   00007fd1e4b38bb8 00007fd100000004
0x00007fd1e4b38bc0:   00007fd1e4b38bf0 0000000000000000 

Instructions: (pc=0x00007fd1feea37dc)
0x00007fd1feea37bc:   00 00 00 00 55 48 89 e5 53 48 83 ec 08 48 85 ff
0x00007fd1feea37cc:   74 3b 48 8b 1f 48 83 fb 37 74 32 48 85 db 74 2d
0x00007fd1feea37dc:   48 8b 03 48 8d 15 ba 19 bf ff 48 8b 40 10 48 39
0x00007fd1feea37ec:   d0 75 11 48 83 c4 08 48 89 d8 5b 5d c3 0f 1f 80 

Register to memory mapping:

RAX=0x0000000000000063 is an unknown value
RBX=0x003b79727473003b is an unknown value
RCX=0x00007fd1ff7ac2c0: <offset 0x2182c0> in /lib/x86_64-linux-gnu/libpthread.so.0 at 0x00007fd1ff594000
RDX=0x00007fd1ff5742d8: <offset 0xf102d8> in /usr/lib/jvm/java-8-openjdk-amd64/jre/lib/amd64/server/libjvm.so at 0x00007fd1fe664000
RSP=0x00007fd1e4b389d0 is pointing into the stack for thread: 0x00007fd1f80c5800
RBP=0x00007fd1e4b389e0 is pointing into the stack for thread: 0x00007fd1f80c5800
RSI=0x00007fd1f80c5800 is a thread
RDI=0x00007fd1b00078b0 is an unknown value
R8 =0x0000000000000000 is an unknown value
R9 =0x0000000000000001 is an unknown value
R10=0x0000000000000000 is an unknown value
R11=0x0000000000000001 is an unknown value
R12=0x00007fd1b00078b0 is an unknown value
R13=0x00007fd1e4b38acf is pointing into the stack for thread: 0x00007fd1f80c5800
R14=0x00007fd1e4b38a00 is pointing into the stack for thread: 0x00007fd1f80c5800
R15=0x00007fd1f80c5800 is a thread


Stack: [0x00007fd1e4a39000,0x00007fd1e4b3a000],  sp=0x00007fd1e4b389d0,  free space=1022k
Native frames: (J=compiled Java code, j=interpreted, Vv=VM code, C=native code)
V  [libjvm.so+0x83f7dc]
V  [libjvm.so+0x6c004a]
C  [libjdwp.so+0x28069]
C  [libjdwp.so+0x7420]
C  [libjdwp.so+0x12238]
C  [libjdwp.so+0x24c65]
V  [libjvm.so+0x72f630]
V  [libjvm.so+0xa02663]
V  [libjvm.so+0xa02b44]
V  [libjvm.so+0x8ab6c2]
C  [libpthread.so.0+0x76fa]  start_thread+0xca


---------------  P R O C E S S  ---------------

Java Threads: ( => current thread )
  0x00007fd1f84b7800 JavaThread "Abandoned connection cleanup thread" daemon [_thread_blocked, id=7717, stack(0x00007fd1e406d000,0x00007fd1e416e000)]
  0x00007fd1f80e8000 JavaThread "Service Thread" daemon [_thread_blocked, id=7707, stack(0x00007fd1e4332000,0x00007fd1e4433000)]
  0x00007fd1f80d2000 JavaThread "C1 CompilerThread3" daemon [_thread_blocked, id=7706, stack(0x00007fd1e4433000,0x00007fd1e4534000)]
  0x00007fd1f80d0000 JavaThread "C2 CompilerThread2" daemon [_thread_blocked, id=7705, stack(0x00007fd1e4534000,0x00007fd1e4635000)]
  0x00007fd1f80ce000 JavaThread "C2 CompilerThread1" daemon [_thread_blocked, id=7704, stack(0x00007fd1e4635000,0x00007fd1e4736000)]
  0x00007fd1f80cb000 JavaThread "C2 CompilerThread0" daemon [_thread_blocked, id=7703, stack(0x00007fd1e4736000,0x00007fd1e4837000)]
  0x00007fd1b0001000 JavaThread "JDWP Command Reader" daemon [_thread_in_native, id=7702, stack(0x00007fd1e4837000,0x00007fd1e4938000)]
  0x00007fd1f80c9000 JavaThread "JDWP Event Helper Thread" daemon [_thread_blocked, id=7700, stack(0x00007fd1e4938000,0x00007fd1e4a39000)]
=>0x00007fd1f80c5800 JavaThread "JDWP Transport Listener: dt_socket" daemon [_thread_in_vm, id=7698, stack(0x00007fd1e4a39000,0x00007fd1e4b3a000)]
  0x00007fd1f80b6800 JavaThread "Signal Dispatcher" daemon [_thread_blocked, id=7697, stack(0x00007fd1e4d3f000,0x00007fd1e4e40000)]
  0x00007fd1f8090000 JavaThread "Finalizer" daemon [_thread_blocked, id=7689, stack(0x00007fd1e4e40000,0x00007fd1e4f41000)]
  0x00007fd1f808b000 JavaThread "Reference Handler" daemon [_thread_blocked, id=7688, stack(0x00007fd1e4f41000,0x00007fd1e5042000)]
  0x00007fd1f800e000 JavaThread "main" [_thread_blocked, id=7676, stack(0x00007fd2002a9000,0x00007fd2003aa000)]

Other Threads:
  0x00007fd1f8083800 VMThread [stack: 0x00007fd1e5042000,0x00007fd1e5143000] [id=7687]
  0x00007fd1f80ea000 WatcherThread [stack: 0x00007fd1e4231000,0x00007fd1e4332000] [id=7708]

VM state:not at safepoint (normal execution)

VM Mutex/Monitor currently owned by a thread: None

Heap:
 PSYoungGen      total 36864K, used 6052K [0x00000000d7200000, 0x00000000d9b00000, 0x0000000100000000)
  eden space 31744K, 2% used [0x00000000d7200000,0x00000000d72ecca0,0x00000000d9100000)
  from space 5120K, 99% used [0x00000000d9100000,0x00000000d95fc678,0x00000000d9600000)
  to   space 5120K, 0% used [0x00000000d9600000,0x00000000d9600000,0x00000000d9b00000)
 ParOldGen       total 84992K, used 5085K [0x0000000085600000, 0x000000008a900000, 0x00000000d7200000)
  object space 84992K, 5% used [0x0000000085600000,0x0000000085af7438,0x000000008a900000)
 Metaspace       used 18956K, capacity 19090K, committed 19456K, reserved 1067008K
  class space    used 2169K, capacity 2249K, committed 2304K, reserved 1048576K

Card table byte_map: [0x00007fd1e8661000,0x00007fd1e8a37000] byte_map_base: 0x00007fd1e8236000

Marking Bits: (ParMarkBitMap*) 0x00007fd1ff577fc0
 Begin Bits: [0x00007fd1c42b0000, 0x00007fd1c6158000)
 End Bits:   [0x00007fd1c6158000, 0x00007fd1c8000000)

Polling page: 0x00007fd2003c9000

CodeCache: size=245760Kb used=4011Kb max_used=4011Kb free=241748Kb
 bounds [0x00007fd1e8df7000, 0x00007fd1e91e7000, 0x00007fd1f7df7000]
 total_blobs=1563 nmethods=1123 adapters=363
 compilation: enabled

Compilation events (10 events):
Event: 16,067 Thread 0x00007fd1f80d2000 1117       3       java.util.regex.Pattern::range (279 bytes)
Event: 16,068 Thread 0x00007fd1f80d2000 nmethod 1117 0x00007fd1e91dcad0 code [0x00007fd1e91dcf60, 0x00007fd1e91df738]
Event: 16,068 Thread 0x00007fd1f80d2000 1115       3       java.util.regex.ASCII::toUpper (16 bytes)
Event: 16,069 Thread 0x00007fd1f80d2000 nmethod 1115 0x00007fd1e91e0fd0 code [0x00007fd1e91e1140, 0x00007fd1e91e1390]
Event: 16,069 Thread 0x00007fd1f80d2000 1113       3       java.util.regex.ASCII::isDigit (18 bytes)
Event: 16,069 Thread 0x00007fd1f80d2000 nmethod 1113 0x00007fd1e91e1450 code [0x00007fd1e91e15c0, 0x00007fd1e91e1770]
Event: 16,069 Thread 0x00007fd1f80d2000 1118       3       java.util.regex.Pattern::bitsOrSingle (104 bytes)
Event: 16,069 Thread 0x00007fd1f80d2000 nmethod 1118 0x00007fd1e91e17d0 code [0x00007fd1e91e1980, 0x00007fd1e91e20f8]
Event: 16,069 Thread 0x00007fd1f80d2000 1119       3       java.util.regex.Pattern$BitClass::add (97 bytes)
Event: 16,069 Thread 0x00007fd1f80d2000 nmethod 1119 0x00007fd1e91e2250 code [0x00007fd1e91e2460, 0x00007fd1e91e2dd8]

GC Heap History (6 events):
Event: 15,326 GC heap before
{Heap before GC invocations=1 (full 0):
 PSYoungGen      total 36864K, used 31744K [0x00000000d7200000, 0x00000000d9b00000, 0x0000000100000000)
  eden space 31744K, 100% used [0x00000000d7200000,0x00000000d9100000,0x00000000d9100000)
  from space 5120K, 0% used [0x00000000d9600000,0x00000000d9600000,0x00000000d9b00000)
  to   space 5120K, 0% used [0x00000000d9100000,0x00000000d9100000,0x00000000d9600000)
 ParOldGen       total 84992K, used 0K [0x0000000085600000, 0x000000008a900000, 0x00000000d7200000)
  object space 84992K, 0% used [0x0000000085600000,0x0000000085600000,0x000000008a900000)
 Metaspace       used 5184K, capacity 5696K, committed 5760K, reserved 1056768K
  class space    used 573K, capacity 624K, committed 640K, reserved 1048576K
Event: 15,328 GC heap after
Heap after GC invocations=1 (full 0):
 PSYoungGen      total 36864K, used 1793K [0x00000000d7200000, 0x00000000d9b00000, 0x0000000100000000)
  eden space 31744K, 0% used [0x00000000d7200000,0x00000000d7200000,0x00000000d9100000)
  from space 5120K, 35% used [0x00000000d9100000,0x00000000d92c0418,0x00000000d9600000)
  to   space 5120K, 0% used [0x00000000d9600000,0x00000000d9600000,0x00000000d9b00000)
 ParOldGen       total 84992K, used 8K [0x0000000085600000, 0x000000008a900000, 0x00000000d7200000)
  object space 84992K, 0% used [0x0000000085600000,0x0000000085602000,0x000000008a900000)
 Metaspace       used 5184K, capacity 5696K, committed 5760K, reserved 1056768K
  class space    used 573K, capacity 624K, committed 640K, reserved 1048576K
}
Event: 15,811 GC heap before
{Heap before GC invocations=2 (full 0):
 PSYoungGen      total 36864K, used 33537K [0x00000000d7200000, 0x00000000d9b00000, 0x0000000100000000)
  eden space 31744K, 100% used [0x00000000d7200000,0x00000000d9100000,0x00000000d9100000)
  from space 5120K, 35% used [0x00000000d9100000,0x00000000d92c0418,0x00000000d9600000)
  to   space 5120K, 0% used [0x00000000d9600000,0x00000000d9600000,0x00000000d9b00000)
 ParOldGen       total 84992K, used 8K [0x0000000085600000, 0x000000008a900000, 0x00000000d7200000)
  object space 84992K, 0% used [0x0000000085600000,0x0000000085602000,0x000000008a900000)
 Metaspace       used 14158K, capacity 14230K, committed 14464K, reserved 1062912K
  class space    used 1616K, capacity 1649K, committed 1664K, reserved 1048576K
Event: 15,816 GC heap after
Heap after GC invocations=2 (full 0):
 PSYoungGen      total 36864K, used 5100K [0x00000000d7200000, 0x00000000d9b00000, 0x0000000100000000)
  eden space 31744K, 0% used [0x00000000d7200000,0x00000000d7200000,0x00000000d9100000)
  from space 5120K, 99% used [0x00000000d9600000,0x00000000d9afb150,0x00000000d9b00000)
  to   space 5120K, 0% used [0x00000000d9100000,0x00000000d9100000,0x00000000d9600000)
 ParOldGen       total 84992K, used 2085K [0x0000000085600000, 0x000000008a900000, 0x00000000d7200000)
  object space 84992K, 2% used [0x0000000085600000,0x0000000085809560,0x000000008a900000)
 Metaspace       used 14158K, capacity 14230K, committed 14464K, reserved 1062912K
  class space    used 1616K, capacity 1649K, committed 1664K, reserved 1048576K
}
Event: 58,365 GC heap before
{Heap before GC invocations=3 (full 0):
 PSYoungGen      total 36864K, used 36844K [0x00000000d7200000, 0x00000000d9b00000, 0x0000000100000000)
  eden space 31744K, 100% used [0x00000000d7200000,0x00000000d9100000,0x00000000d9100000)
  from space 5120K, 99% used [0x00000000d9600000,0x00000000d9afb150,0x00000000d9b00000)
  to   space 5120K, 0% used [0x00000000d9100000,0x00000000d9100000,0x00000000d9600000)
 ParOldGen       total 84992K, used 2085K [0x0000000085600000, 0x000000008a900000, 0x00000000d7200000)
  object space 84992K, 2% used [0x0000000085600000,0x0000000085809560,0x000000008a900000)
 Metaspace       used 18762K, capacity 18904K, committed 19200K, reserved 1067008K
  class space    used 2146K, capacity 2206K, committed 2304K, reserved 1048576K
Event: 58,370 GC heap after
Heap after GC invocations=3 (full 0):
 PSYoungGen      total 36864K, used 5105K [0x00000000d7200000, 0x00000000d9b00000, 0x0000000100000000)
  eden space 31744K, 0% used [0x00000000d7200000,0x00000000d7200000,0x00000000d9100000)
  from space 5120K, 99% used [0x00000000d9100000,0x00000000d95fc678,0x00000000d9600000)
  to   space 5120K, 0% used [0x00000000d9600000,0x00000000d9600000,0x00000000d9b00000)
 ParOldGen       total 84992K, used 5085K [0x0000000085600000, 0x000000008a900000, 0x00000000d7200000)
  object space 84992K, 5% used [0x0000000085600000,0x0000000085af7438,0x000000008a900000)
 Metaspace       used 18762K, capacity 18904K, committed 19200K, reserved 1067008K
  class space    used 2146K, capacity 2206K, committed 2304K, reserved 1048576K
}

Deoptimization events (10 events):
Event: 15,413 Thread 0x00007fd1f800e000 Uncommon trap: reason=unstable_if action=reinterpret pc=0x00007fd1e8f8e6ec method=java.lang.String.indexOf([CII[CIII)I @ 134
Event: 15,523 Thread 0x00007fd1f800e000 Uncommon trap: reason=unstable_if action=reinterpret pc=0x00007fd1e8ffb164 method=java.lang.AbstractStringBuilder.append(Ljava/lang/String;)Ljava/lang/AbstractStringBuilder; @ 1
Event: 15,530 Thread 0x00007fd1f800e000 Uncommon trap: reason=unstable_if action=reinterpret pc=0x00007fd1e9034da4 method=java.util.HashMap.getNode(ILjava/lang/Object;)Ljava/util/HashMap$Node; @ 62
Event: 15,530 Thread 0x00007fd1f800e000 Uncommon trap: reason=unstable_if action=reinterpret pc=0x00007fd1e902b690 method=java.util.HashMap.getNode(ILjava/lang/Object;)Ljava/util/HashMap$Node; @ 62
Event: 15,638 Thread 0x00007fd1f800e000 Uncommon trap: reason=unstable_if action=reinterpret pc=0x00007fd1e90cfb2c method=java.util.Properties.loadConvert([CII[C)Ljava/lang/String; @ 4
Event: 15,638 Thread 0x00007fd1f800e000 Uncommon trap: reason=unstable_if action=reinterpret pc=0x00007fd1e90ce68c method=java.util.Properties$LineReader.readLine()I @ 174
Event: 15,643 Thread 0x00007fd1f800e000 Uncommon trap: reason=predicate action=maybe_recompile pc=0x00007fd1e900e578 method=sun.net.www.ParseUtil.encodePath(Ljava/lang/String;Z)Ljava/lang/String; @ 36
Event: 15,781 Thread 0x00007fd1f800e000 Uncommon trap: reason=unstable_if action=reinterpret pc=0x00007fd1e8f8cfc4 method=java.lang.String.replace(CC)Ljava/lang/String; @ 26
Event: 15,945 Thread 0x00007fd1f800e000 Uncommon trap: reason=unstable_if action=reinterpret pc=0x00007fd1e8fe9e60 method=java.lang.CharacterData.of(I)Ljava/lang/CharacterData; @ 4
Event: 15,972 Thread 0x00007fd1f800e000 Uncommon trap: reason=unstable_if action=reinterpret pc=0x00007fd1e9091408 method=java.lang.String.indexOf([CII[CIII)I @ 27

Internal exceptions (10 events):
Event: 0,013 Thread 0x00007fd1f800e000 Exception <a 'java/lang/NoSuchMethodError': Method sun.misc.Unsafe.prefetchRead(Ljava/lang/Object;J)V name or signature does not match> (0x00000000d7207fa8) thrown at [/build/openjdk-8-6lTAoN/openjdk-8-8u91-b14/src/hotspot/src/share/vm/prims/jni.cpp, line
Event: 0,056 Thread 0x00007fd1f800e000 Exception <a 'java/security/PrivilegedActionException'> (0x00000000d73ee168) thrown at [/build/openjdk-8-6lTAoN/openjdk-8-8u91-b14/src/hotspot/src/share/vm/prims/jvm.cpp, line 1386]
Event: 0,056 Thread 0x00007fd1f800e000 Exception <a 'java/security/PrivilegedActionException'> (0x00000000d73ee560) thrown at [/build/openjdk-8-6lTAoN/openjdk-8-8u91-b14/src/hotspot/src/share/vm/prims/jvm.cpp, line 1386]
Event: 0,056 Thread 0x00007fd1f800e000 Exception <a 'java/security/PrivilegedActionException'> (0x00000000d73f07b0) thrown at [/build/openjdk-8-6lTAoN/openjdk-8-8u91-b14/src/hotspot/src/share/vm/prims/jvm.cpp, line 1386]
Event: 0,056 Thread 0x00007fd1f800e000 Exception <a 'java/security/PrivilegedActionException'> (0x00000000d73f0ba8) thrown at [/build/openjdk-8-6lTAoN/openjdk-8-8u91-b14/src/hotspot/src/share/vm/prims/jvm.cpp, line 1386]
Event: 0,056 Thread 0x00007fd1f800e000 Exception <a 'java/security/PrivilegedActionException'> (0x00000000d73f1860) thrown at [/build/openjdk-8-6lTAoN/openjdk-8-8u91-b14/src/hotspot/src/share/vm/prims/jvm.cpp, line 1386]
Event: 0,056 Thread 0x00007fd1f800e000 Exception <a 'java/security/PrivilegedActionException'> (0x00000000d73f1c58) thrown at [/build/openjdk-8-6lTAoN/openjdk-8-8u91-b14/src/hotspot/src/share/vm/prims/jvm.cpp, line 1386]
Event: 15,523 Thread 0x00007fd1f800e000 Implicit null exception at 0x00007fd1e8ffacb9 to 0x00007fd1e8ffb149
Event: 16,048 Thread 0x00007fd1f800e000 Exception <a 'java/lang/NoSuchFieldError': method resolution failed> (0x00000000d8c8c3f0) thrown at [/build/openjdk-8-6lTAoN/openjdk-8-8u91-b14/src/hotspot/src/share/vm/prims/methodHandles.cpp, line 1146]
Event: 16,050 Thread 0x00007fd1f800e000 Exception <a 'java/lang/NoSuchFieldError': method resolution failed> (0x00000000d8c99710) thrown at [/build/openjdk-8-6lTAoN/openjdk-8-8u91-b14/src/hotspot/src/share/vm/prims/methodHandles.cpp, line 1146]

Events (10 events):
Event: 375,165 Executing VM operation: ChangeBreakpoints
Event: 375,165 Executing VM operation: ChangeBreakpoints done
Event: 375,165 Executing VM operation: ChangeBreakpoints
Event: 375,165 Executing VM operation: ChangeBreakpoints done
Event: 375,166 Executing VM operation: RedefineClasses
Event: 375,171 Executing VM operation: RedefineClasses done
Event: 375,202 Executing VM operation: ChangeBreakpoints
Event: 375,202 Executing VM operation: ChangeBreakpoints done
Event: 375,204 Executing VM operation: ChangeBreakpoints
Event: 375,204 Executing VM operation: ChangeBreakpoints done


Dynamic libraries:
00400000-00401000 r-xp 00000000 08:13 28971301                           /usr/lib/jvm/java-8-openjdk-amd64/jre/bin/java
00600000-00601000 r--p 00000000 08:13 28971301                           /usr/lib/jvm/java-8-openjdk-amd64/jre/bin/java
00601000-00602000 rw-p 00001000 08:13 28971301                           /usr/lib/jvm/java-8-openjdk-amd64/jre/bin/java
02416000-02437000 rw-p 00000000 00:00 0                                  [heap]
85600000-8a900000 rw-p 00000000 00:00 0 
8a900000-d7200000 ---p 00000000 00:00 0 
d7200000-d9b00000 rw-p 00000000 00:00 0 
d9b00000-100000000 ---p 00000000 00:00 0 
100000000-100240000 rw-p 00000000 00:00 0 
100240000-140000000 ---p 00000000 00:00 0 
7fd184000000-7fd184021000 rw-p 00000000 00:00 0 
7fd184021000-7fd188000000 ---p 00000000 00:00 0 
7fd18b2e7000-7fd18b3a7000 rw-p 00000000 00:00 0 
7fd18b3a7000-7fd18b4e7000 ---p 00000000 00:00 0 
7fd18b4e7000-7fd18b6e7000 rw-p 00000000 00:00 0 
7fd18b6e7000-7fd18b8e7000 rw-p 00000000 00:00 0 
7fd18b8e7000-7fd18bbe8000 rw-p 00000000 00:00 0 
7fd18bbe8000-7fd18bbff000 r-xp 00000000 08:13 28836959                   /usr/lib/jvm/java-8-openjdk-amd64/jre/lib/amd64/libnet.so
7fd18bbff000-7fd18bdfe000 ---p 00017000 08:13 28836959                   /usr/lib/jvm/java-8-openjdk-amd64/jre/lib/amd64/libnet.so
7fd18bdfe000-7fd18bdff000 r--p 00016000 08:13 28836959                   /usr/lib/jvm/java-8-openjdk-amd64/jre/lib/amd64/libnet.so
7fd18bdff000-7fd18be00000 rw-p 00017000 08:13 28836959                   /usr/lib/jvm/java-8-openjdk-amd64/jre/lib/amd64/libnet.so
7fd18be00000-7fd18c000000 rw-p 00000000 00:00 0 
7fd18c000000-7fd18c021000 rw-p 00000000 00:00 0 
7fd18c021000-7fd190000000 ---p 00000000 00:00 0 
7fd190000000-7fd190021000 rw-p 00000000 00:00 0 
7fd190021000-7fd194000000 ---p 00000000 00:00 0 
7fd194000000-7fd19428d000 rw-p 00000000 00:00 0 
7fd19428d000-7fd198000000 ---p 00000000 00:00 0 
7fd198000000-7fd198227000 rw-p 00000000 00:00 0 
7fd198227000-7fd19c000000 ---p 00000000 00:00 0 
7fd19c000000-7fd19c23f000 rw-p 00000000 00:00 0 
7fd19c23f000-7fd1a0000000 ---p 00000000 00:00 0 
7fd1a0000000-7fd1a01f0000 rw-p 00000000 00:00 0 
7fd1a01f0000-7fd1a4000000 ---p 00000000 00:00 0 
7fd1a4000000-7fd1a403e000 rw-p 00000000 00:00 0 
7fd1a403e000-7fd1a8000000 ---p 00000000 00:00 0 
7fd1a8000000-7fd1a8021000 rw-p 00000000 00:00 0 
7fd1a8021000-7fd1ac000000 ---p 00000000 00:00 0 
7fd1ac000000-7fd1ac021000 rw-p 00000000 00:00 0 
7fd1ac021000-7fd1b0000000 ---p 00000000 00:00 0 
7fd1b0000000-7fd1b0024000 rw-p 00000000 00:00 0 
7fd1b0024000-7fd1b4000000 ---p 00000000 00:00 0 
7fd1b4000000-7fd1b4021000 rw-p 00000000 00:00 0 
7fd1b4021000-7fd1b8000000 ---p 00000000 00:00 0 
7fd1b8000000-7fd1b8021000 rw-p 00000000 00:00 0 
7fd1b8021000-7fd1bc000000 ---p 00000000 00:00 0 
7fd1bc000000-7fd1bc021000 rw-p 00000000 00:00 0 
7fd1bc021000-7fd1c0000000 ---p 00000000 00:00 0 
7fd1c0000000-7fd1c0021000 rw-p 00000000 00:00 0 
7fd1c0021000-7fd1c4000000 ---p 00000000 00:00 0 
7fd1c40b0000-7fd1c8000000 rw-p 00000000 00:00 0 
7fd1c8000000-7fd1c8021000 rw-p 00000000 00:00 0 
7fd1c8021000-7fd1cc000000 ---p 00000000 00:00 0 
7fd1cc000000-7fd1cc021000 rw-p 00000000 00:00 0 
7fd1cc021000-7fd1d0000000 ---p 00000000 00:00 0 
7fd1d0000000-7fd1d0021000 rw-p 00000000 00:00 0 
7fd1d0021000-7fd1d4000000 ---p 00000000 00:00 0 
7fd1d4000000-7fd1d4021000 rw-p 00000000 00:00 0 
7fd1d4021000-7fd1d8000000 ---p 00000000 00:00 0 
7fd1d8000000-7fd1d8021000 rw-p 00000000 00:00 0 
7fd1d8021000-7fd1dc000000 ---p 00000000 00:00 0 
7fd1dc000000-7fd1dc021000 rw-p 00000000 00:00 0 
7fd1dc021000-7fd1e0000000 ---p 00000000 00:00 0 
7fd1e0000000-7fd1e0021000 rw-p 00000000 00:00 0 
7fd1e0021000-7fd1e4000000 ---p 00000000 00:00 0 
7fd1e4063000-7fd1e4067000 r--s 00097000 08:13 28837000                   /usr/lib/jvm/java-8-openjdk-amd64/jre/lib/jsse.jar
7fd1e4067000-7fd1e406d000 r--s 002f8000 08:13 28837005                   /usr/lib/jvm/java-8-openjdk-amd64/jre/lib/charsets.jar
7fd1e406d000-7fd1e4070000 ---p 00000000 00:00 0 
7fd1e4070000-7fd1e416e000 rw-p 00000000 00:00 0 
7fd1e416e000-7fd1e4170000 r--s 0001e000 08:13 20578468                   /opt/idea-IU-145.972.3/lib/idea_rt.jar
7fd1e4170000-7fd1e417a000 r--s 000e8000 08:13 25690134                   /home/dona/IdeaProjects/TaskManager/lib/mysql-connector-java-5.1.39-bin.jar
7fd1e417a000-7fd1e41ca000 r--s 00418000 08:13 17432632                   /home/dona/IdeaProjects/TaskManager/lib/hibernate-core-4.2.2.Final.jar
7fd1e41ca000-7fd1e41d3000 r--s 00096000 08:13 17432630                   /home/dona/IdeaProjects/TaskManager/lib/javassist-3.15.0-GA.jar
7fd1e41d3000-7fd1e41d8000 r--s 00048000 08:13 17432627                   /home/dona/IdeaProjects/TaskManager/lib/dom4j-1.6.1.jar
7fd1e41d8000-7fd1e41dd000 r--s 00068000 08:13 17432622                   /home/dona/IdeaProjects/TaskManager/lib/antlr-2.7.7.jar
7fd1e41dd000-7fd1e41e0000 r--s 00011000 08:13 17432629                   /home/dona/IdeaProjects/TaskManager/lib/hibernate-commons-annotations-4.0.2.Final.jar
7fd1e41e0000-7fd1e41e2000 r--s 0000d000 08:13 17432631                   /home/dona/IdeaProjects/TaskManager/lib/jboss-logging-3.1.0.GA.jar
7fd1e41e2000-7fd1e41e7000 r--s 00015000 08:13 17432623                   /home/dona/IdeaProjects/TaskManager/lib/hibernate-jpa-2.0-api-1.0.1.Final.jar
7fd1e41e7000-7fd1e41fa000 r--s 00345000 08:13 28836932                   /usr/lib/jvm/java-8-openjdk-amd64/jre/lib/resources.jar
7fd1e41fa000-7fd1e4216000 r--s 00393000 08:13 28971266                   /usr/lib/jvm/java-8-openjdk-amd64/jre/lib/ext/cldrdata.jar
7fd1e4216000-7fd1e4231000 r--s 001d7000 08:13 28971270                   /usr/lib/jvm/java-8-openjdk-amd64/jre/lib/ext/nashorn.jar
7fd1e4231000-7fd1e4232000 ---p 00000000 00:00 0 
7fd1e4232000-7fd1e4332000 rw-p 00000000 00:00 0 
7fd1e4332000-7fd1e4335000 ---p 00000000 00:00 0 
7fd1e4335000-7fd1e4433000 rw-p 00000000 00:00 0 
7fd1e4433000-7fd1e4436000 ---p 00000000 00:00 0 
7fd1e4436000-7fd1e4534000 rw-p 00000000 00:00 0 
7fd1e4534000-7fd1e4537000 ---p 00000000 00:00 0 
7fd1e4537000-7fd1e4635000 rw-p 00000000 00:00 0 
7fd1e4635000-7fd1e4638000 ---p 00000000 00:00 0 
7fd1e4638000-7fd1e4736000 rw-p 00000000 00:00 0 
7fd1e4736000-7fd1e4739000 ---p 00000000 00:00 0 
7fd1e4739000-7fd1e4837000 rw-p 00000000 00:00 0 
7fd1e4837000-7fd1e483a000 ---p 00000000 00:00 0 
7fd1e483a000-7fd1e4938000 rw-p 00000000 00:00 0 
7fd1e4938000-7fd1e493b000 ---p 00000000 00:00 0 
7fd1e493b000-7fd1e4a39000 rw-p 00000000 00:00 0 
7fd1e4a39000-7fd1e4a3c000 ---p 00000000 00:00 0 
7fd1e4a3c000-7fd1e4b3a000 rw-p 00000000 00:00 0 
7fd1e4b3a000-7fd1e4b3e000 r-xp 00000000 08:13 28836960                   /usr/lib/jvm/java-8-openjdk-amd64/jre/lib/amd64/libdt_socket.so
7fd1e4b3e000-7fd1e4d3d000 ---p 00004000 08:13 28836960                   /usr/lib/jvm/java-8-openjdk-amd64/jre/lib/amd64/libdt_socket.so
7fd1e4d3d000-7fd1e4d3e000 r--p 00003000 08:13 28836960                   /usr/lib/jvm/java-8-openjdk-amd64/jre/lib/amd64/libdt_socket.so
7fd1e4d3e000-7fd1e4d3f000 rw-p 00004000 08:13 28836960                   /usr/lib/jvm/java-8-openjdk-amd64/jre/lib/amd64/libdt_socket.so
7fd1e4d3f000-7fd1e4d42000 ---p 00000000 00:00 0 
7fd1e4d42000-7fd1e4e40000 rw-p 00000000 00:00 0 
7fd1e4e40000-7fd1e4e43000 ---p 00000000 00:00 0 
7fd1e4e43000-7fd1e4f41000 rw-p 00000000 00:00 0 
7fd1e4f41000-7fd1e4f44000 ---p 00000000 00:00 0 
7fd1e4f44000-7fd1e5042000 rw-p 00000000 00:00 0 
7fd1e5042000-7fd1e5043000 ---p 00000000 00:00 0 
7fd1e5043000-7fd1e6db3000 rw-p 00000000 00:00 0 
7fd1e6db3000-7fd1e6f80000 r--s 03be7000 08:13 28837003                   /usr/lib/jvm/java-8-openjdk-amd64/jre/lib/rt.jar
7fd1e6f80000-7fd1e7bcb000 rw-p 00000000 00:00 0 
7fd1e7bcb000-7fd1e7bcc000 ---p 00000000 00:00 0 
7fd1e7bcc000-7fd1e7ccc000 rw-p 00000000 00:00 0 
7fd1e7ccc000-7fd1e7ccd000 ---p 00000000 00:00 0 
7fd1e7ccd000-7fd1e7dcd000 rw-p 00000000 00:00 0 
7fd1e7dcd000-7fd1e7dce000 ---p 00000000 00:00 0 
7fd1e7dce000-7fd1e7ece000 rw-p 00000000 00:00 0 
7fd1e7ece000-7fd1e7ecf000 ---p 00000000 00:00 0 
7fd1e7ecf000-7fd1e7fcf000 rw-p 00000000 00:00 0 
7fd1e7fcf000-7fd1e7fd0000 ---p 00000000 00:00 0 
7fd1e7fd0000-7fd1e80d0000 rw-p 00000000 00:00 0 
7fd1e80d0000-7fd1e80d1000 ---p 00000000 00:00 0 
7fd1e80d1000-7fd1e81d1000 rw-p 00000000 00:00 0 
7fd1e81d1000-7fd1e81d2000 ---p 00000000 00:00 0 
7fd1e81d2000-7fd1e82d2000 rw-p 00000000 00:00 0 
7fd1e82d2000-7fd1e82d3000 ---p 00000000 00:00 0 
7fd1e82d3000-7fd1e83fd000 rw-p 00000000 00:00 0 
7fd1e83fd000-7fd1e8661000 ---p 00000000 00:00 0 
7fd1e8661000-7fd1e868b000 rw-p 00000000 00:00 0 
7fd1e868b000-7fd1e88ef000 ---p 00000000 00:00 0 
7fd1e88ef000-7fd1e8904000 rw-p 00000000 00:00 0 
7fd1e8904000-7fd1e8a36000 ---p 00000000 00:00 0 
7fd1e8a36000-7fd1e8a47000 rw-p 00000000 00:00 0 
7fd1e8a47000-7fd1e8df7000 ---p 00000000 00:00 0 
7fd1e8df7000-7fd1e91e7000 rwxp 00000000 00:00 0 
7fd1e91e7000-7fd1f7df7000 ---p 00000000 00:00 0 
7fd1f7df7000-7fd1f7dff000 r-xp 00000000 08:13 28836989                   /usr/lib/jvm/java-8-openjdk-amd64/jre/lib/amd64/libzip.so
7fd1f7dff000-7fd1f7ffe000 ---p 00008000 08:13 28836989                   /usr/lib/jvm/java-8-openjdk-amd64/jre/lib/amd64/libzip.so
7fd1f7ffe000-7fd1f7fff000 r--p 00007000 08:13 28836989                   /usr/lib/jvm/java-8-openjdk-amd64/jre/lib/amd64/libzip.so
7fd1f7fff000-7fd1f8000000 rw-p 00008000 08:13 28836989                   /usr/lib/jvm/java-8-openjdk-amd64/jre/lib/amd64/libzip.so
7fd1f8000000-7fd1f8789000 rw-p 00000000 00:00 0 
7fd1f8789000-7fd1fc000000 ---p 00000000 00:00 0 
7fd1fc001000-7fd1fc003000 r--s 00005000 08:13 17432628                   /home/dona/IdeaProjects/TaskManager/lib/jboss-transaction-api_1.1_spec-1.0.1.Final.jar
7fd1fc003000-7fd1fc004000 r--s 00000000 08:13 28836934                   /usr/lib/jvm/java-8-openjdk-amd64/jre/lib/management-agent.jar
7fd1fc004000-7fd1fc008000 r--s 00097000 08:13 28837000                   /usr/lib/jvm/java-8-openjdk-amd64/jre/lib/jsse.jar
7fd1fc008000-7fd1fc00b000 r--s 00015000 08:13 28836998                   /usr/lib/jvm/java-8-openjdk-amd64/jre/lib/jce.jar
7fd1fc00b000-7fd1fc016000 r-xp 00000000 08:13 1053141                    /lib/x86_64-linux-gnu/libnss_files-2.23.so
7fd1fc016000-7fd1fc215000 ---p 0000b000 08:13 1053141                    /lib/x86_64-linux-gnu/libnss_files-2.23.so
7fd1fc215000-7fd1fc216000 r--p 0000a000 08:13 1053141                    /lib/x86_64-linux-gnu/libnss_files-2.23.so
7fd1fc216000-7fd1fc217000 rw-p 0000b000 08:13 1053141                    /lib/x86_64-linux-gnu/libnss_files-2.23.so
7fd1fc217000-7fd1fc21d000 rw-p 00000000 00:00 0 
7fd1fc21d000-7fd1fc228000 r-xp 00000000 08:13 1053151                    /lib/x86_64-linux-gnu/libnss_nis-2.23.so
7fd1fc228000-7fd1fc427000 ---p 0000b000 08:13 1053151                    /lib/x86_64-linux-gnu/libnss_nis-2.23.so
7fd1fc427000-7fd1fc428000 r--p 0000a000 08:13 1053151                    /lib/x86_64-linux-gnu/libnss_nis-2.23.so
7fd1fc428000-7fd1fc429000 rw-p 0000b000 08:13 1053151                    /lib/x86_64-linux-gnu/libnss_nis-2.23.so
7fd1fc429000-7fd1fc43f000 r-xp 00000000 08:13 1053135                    /lib/x86_64-linux-gnu/libnsl-2.23.so
7fd1fc43f000-7fd1fc63e000 ---p 00016000 08:13 1053135                    /lib/x86_64-linux-gnu/libnsl-2.23.so
7fd1fc63e000-7fd1fc63f000 r--p 00015000 08:13 1053135                    /lib/x86_64-linux-gnu/libnsl-2.23.so
7fd1fc63f000-7fd1fc640000 rw-p 00016000 08:13 1053135                    /lib/x86_64-linux-gnu/libnsl-2.23.so
7fd1fc640000-7fd1fc642000 rw-p 00000000 00:00 0 
7fd1fc642000-7fd1fc64a000 r-xp 00000000 08:13 1053137                    /lib/x86_64-linux-gnu/libnss_compat-2.23.so
7fd1fc64a000-7fd1fc849000 ---p 00008000 08:13 1053137                    /lib/x86_64-linux-gnu/libnss_compat-2.23.so
7fd1fc849000-7fd1fc84a000 r--p 00007000 08:13 1053137                    /lib/x86_64-linux-gnu/libnss_compat-2.23.so
7fd1fc84a000-7fd1fc84b000 rw-p 00008000 08:13 1053137                    /lib/x86_64-linux-gnu/libnss_compat-2.23.so
7fd1fc84b000-7fd1fd33b000 r--p 00000000 08:13 28711722                   /usr/lib/locale/locale-archive
7fd1fd33b000-7fd1fd33d000 r-xp 00000000 08:13 28836952                   /usr/lib/jvm/java-8-openjdk-amd64/jre/lib/amd64/libnpt.so
7fd1fd33d000-7fd1fd53d000 ---p 00002000 08:13 28836952                   /usr/lib/jvm/java-8-openjdk-amd64/jre/lib/amd64/libnpt.so
7fd1fd53d000-7fd1fd53e000 r--p 00002000 08:13 28836952                   /usr/lib/jvm/java-8-openjdk-amd64/jre/lib/amd64/libnpt.so
7fd1fd53e000-7fd1fd53f000 rw-p 00003000 08:13 28836952                   /usr/lib/jvm/java-8-openjdk-amd64/jre/lib/amd64/libnpt.so
7fd1fd53f000-7fd1fd57a000 r-xp 00000000 08:13 28836995                   /usr/lib/jvm/java-8-openjdk-amd64/jre/lib/amd64/libjdwp.so
7fd1fd57a000-7fd1fd779000 ---p 0003b000 08:13 28836995                   /usr/lib/jvm/java-8-openjdk-amd64/jre/lib/amd64/libjdwp.so
7fd1fd779000-7fd1fd77a000 r--p 0003a000 08:13 28836995                   /usr/lib/jvm/java-8-openjdk-amd64/jre/lib/amd64/libjdwp.so
7fd1fd77a000-7fd1fd77b000 rw-p 0003b000 08:13 28836995                   /usr/lib/jvm/java-8-openjdk-amd64/jre/lib/amd64/libjdwp.so
7fd1fd77b000-7fd1fd7a8000 r-xp 00000000 08:13 28836961                   /usr/lib/jvm/java-8-openjdk-amd64/jre/lib/amd64/libjava.so
7fd1fd7a8000-7fd1fd9a7000 ---p 0002d000 08:13 28836961                   /usr/lib/jvm/java-8-openjdk-amd64/jre/lib/amd64/libjava.so
7fd1fd9a7000-7fd1fd9a8000 r--p 0002c000 08:13 28836961                   /usr/lib/jvm/java-8-openjdk-amd64/jre/lib/amd64/libjava.so
7fd1fd9a8000-7fd1fd9aa000 rw-p 0002d000 08:13 28836961                   /usr/lib/jvm/java-8-openjdk-amd64/jre/lib/amd64/libjava.so
7fd1fd9aa000-7fd1fd9b9000 r-xp 00000000 08:13 28836953                   /usr/lib/jvm/java-8-openjdk-amd64/jre/lib/amd64/libverify.so
7fd1fd9b9000-7fd1fdbb8000 ---p 0000f000 08:13 28836953                   /usr/lib/jvm/java-8-openjdk-amd64/jre/lib/amd64/libverify.so
7fd1fdbb8000-7fd1fdbba000 r--p 0000e000 08:13 28836953                   /usr/lib/jvm/java-8-openjdk-amd64/jre/lib/amd64/libverify.so
7fd1fdbba000-7fd1fdbbb000 rw-p 00010000 08:13 28836953                   /usr/lib/jvm/java-8-openjdk-amd64/jre/lib/amd64/libverify.so
7fd1fdbbb000-7fd1fdbc2000 r-xp 00000000 08:13 1053196                    /lib/x86_64-linux-gnu/librt-2.23.so
7fd1fdbc2000-7fd1fddc1000 ---p 00007000 08:13 1053196                    /lib/x86_64-linux-gnu/librt-2.23.so
7fd1fddc1000-7fd1fddc2000 r--p 00006000 08:13 1053196                    /lib/x86_64-linux-gnu/librt-2.23.so
7fd1fddc2000-7fd1fddc3000 rw-p 00007000 08:13 1053196                    /lib/x86_64-linux-gnu/librt-2.23.so
7fd1fddc3000-7fd1fddd9000 r-xp 00000000 08:13 1053080                    /lib/x86_64-linux-gnu/libgcc_s.so.1
7fd1fddd9000-7fd1fdfd8000 ---p 00016000 08:13 1053080                    /lib/x86_64-linux-gnu/libgcc_s.so.1
7fd1fdfd8000-7fd1fdfd9000 rw-p 00015000 08:13 1053080                    /lib/x86_64-linux-gnu/libgcc_s.so.1
7fd1fdfd9000-7fd1fe0e1000 r-xp 00000000 08:13 1053112                    /lib/x86_64-linux-gnu/libm-2.23.so
7fd1fe0e1000-7fd1fe2e0000 ---p 00108000 08:13 1053112                    /lib/x86_64-linux-gnu/libm-2.23.so
7fd1fe2e0000-7fd1fe2e1000 r--p 00107000 08:13 1053112                    /lib/x86_64-linux-gnu/libm-2.23.so
7fd1fe2e1000-7fd1fe2e2000 rw-p 00108000 08:13 1053112                    /lib/x86_64-linux-gnu/libm-2.23.so
7fd1fe2e2000-7fd1fe454000 r-xp 00000000 08:13 28706945                   /usr/lib/x86_64-linux-gnu/libstdc++.so.6.0.21
7fd1fe454000-7fd1fe654000 ---p 00172000 08:13 28706945                   /usr/lib/x86_64-linux-gnu/libstdc++.so.6.0.21
7fd1fe654000-7fd1fe65e000 r--p 00172000 08:13 28706945                   /usr/lib/x86_64-linux-gnu/libstdc++.so.6.0.21
7fd1fe65e000-7fd1fe660000 rw-p 0017c000 08:13 28706945                   /usr/lib/x86_64-linux-gnu/libstdc++.so.6.0.21
7fd1fe660000-7fd1fe664000 rw-p 00000000 00:00 0 
7fd1fe664000-7fd1ff2aa000 r-xp 00000000 08:13 28969877                   /usr/lib/jvm/java-8-openjdk-amd64/jre/lib/amd64/server/libjvm.so
7fd1ff2aa000-7fd1ff4a9000 ---p 00c46000 08:13 28969877                   /usr/lib/jvm/java-8-openjdk-amd64/jre/lib/amd64/server/libjvm.so
7fd1ff4a9000-7fd1ff53c000 r--p 00c45000 08:13 28969877                   /usr/lib/jvm/java-8-openjdk-amd64/jre/lib/amd64/server/libjvm.so
7fd1ff53c000-7fd1ff564000 rw-p 00cd8000 08:13 28969877                   /usr/lib/jvm/java-8-openjdk-amd64/jre/lib/amd64/server/libjvm.so
7fd1ff564000-7fd1ff594000 rw-p 00000000 00:00 0 
7fd1ff594000-7fd1ff5ac000 r-xp 00000000 08:13 1053188                    /lib/x86_64-linux-gnu/libpthread-2.23.so
7fd1ff5ac000-7fd1ff7ab000 ---p 00018000 08:13 1053188                    /lib/x86_64-linux-gnu/libpthread-2.23.so
7fd1ff7ab000-7fd1ff7ac000 r--p 00017000 08:13 1053188                    /lib/x86_64-linux-gnu/libpthread-2.23.so
7fd1ff7ac000-7fd1ff7ad000 rw-p 00018000 08:13 1053188                    /lib/x86_64-linux-gnu/libpthread-2.23.so
7fd1ff7ad000-7fd1ff7b1000 rw-p 00000000 00:00 0 
7fd1ff7b1000-7fd1ff7b4000 r-xp 00000000 08:13 1053066                    /lib/x86_64-linux-gnu/libdl-2.23.so
7fd1ff7b4000-7fd1ff9b3000 ---p 00003000 08:13 1053066                    /lib/x86_64-linux-gnu/libdl-2.23.so
7fd1ff9b3000-7fd1ff9b4000 r--p 00002000 08:13 1053066                    /lib/x86_64-linux-gnu/libdl-2.23.so
7fd1ff9b4000-7fd1ff9b5000 rw-p 00003000 08:13 1053066                    /lib/x86_64-linux-gnu/libdl-2.23.so
7fd1ff9b5000-7fd1ff9ce000 r-xp 00000000 08:13 1053233                    /lib/x86_64-linux-gnu/libz.so.1.2.8
7fd1ff9ce000-7fd1ffbcd000 ---p 00019000 08:13 1053233                    /lib/x86_64-linux-gnu/libz.so.1.2.8
7fd1ffbcd000-7fd1ffbce000 r--p 00018000 08:13 1053233                    /lib/x86_64-linux-gnu/libz.so.1.2.8
7fd1ffbce000-7fd1ffbcf000 rw-p 00019000 08:13 1053233                    /lib/x86_64-linux-gnu/libz.so.1.2.8
7fd1ffbcf000-7fd1ffd8f000 r-xp 00000000 08:13 1053042                    /lib/x86_64-linux-gnu/libc-2.23.so
7fd1ffd8f000-7fd1fff8e000 ---p 001c0000 08:13 1053042                    /lib/x86_64-linux-gnu/libc-2.23.so
7fd1fff8e000-7fd1fff92000 r--p 001bf000 08:13 1053042                    /lib/x86_64-linux-gnu/libc-2.23.so
7fd1fff92000-7fd1fff94000 rw-p 001c3000 08:13 1053042                    /lib/x86_64-linux-gnu/libc-2.23.so
7fd1fff94000-7fd1fff98000 rw-p 00000000 00:00 0 
7fd1fff98000-7fd1fffa5000 r-xp 00000000 08:13 28969374                   /usr/lib/jvm/java-8-openjdk-amd64/jre/lib/amd64/jli/libjli.so
7fd1fffa5000-7fd2001a5000 ---p 0000d000 08:13 28969374                   /usr/lib/jvm/java-8-openjdk-amd64/jre/lib/amd64/jli/libjli.so
7fd2001a5000-7fd2001a6000 r--p 0000d000 08:13 28969374                   /usr/lib/jvm/java-8-openjdk-amd64/jre/lib/amd64/jli/libjli.so
7fd2001a6000-7fd2001a7000 rw-p 0000e000 08:13 28969374                   /usr/lib/jvm/java-8-openjdk-amd64/jre/lib/amd64/jli/libjli.so
7fd2001a7000-7fd2001cd000 r-xp 00000000 08:13 1053014                    /lib/x86_64-linux-gnu/ld-2.23.so
7fd2001cd000-7fd2001d3000 r--s 002f8000 08:13 28837005                   /usr/lib/jvm/java-8-openjdk-amd64/jre/lib/charsets.jar
7fd2001d3000-7fd2001dd000 r--s 00116000 08:13 28971268                   /usr/lib/jvm/java-8-openjdk-amd64/jre/lib/ext/localedata.jar
7fd2001dd000-7fd2001de000 r--s 00010000 08:13 28971263                   /usr/lib/jvm/java-8-openjdk-amd64/jre/lib/ext/zipfs.jar
7fd2001de000-7fd2002a9000 rw-p 00000000 00:00 0 
7fd2002a9000-7fd2002ac000 ---p 00000000 00:00 0 
7fd2002ac000-7fd2003af000 rw-p 00000000 00:00 0 
7fd2003af000-7fd2003b0000 r--s 0000a000 08:13 28971264                   /usr/lib/jvm/java-8-openjdk-amd64/jre/lib/ext/jaccess.jar
7fd2003b0000-7fd2003b2000 r--s 00001000 08:13 28971269                   /usr/lib/jvm/java-8-openjdk-amd64/jre/lib/ext/dnsns.jar
7fd2003b2000-7fd2003b6000 r--s 00037000 08:13 28971271                   /usr/lib/jvm/java-8-openjdk-amd64/jre/lib/ext/sunpkcs11.jar
7fd2003b6000-7fd2003bc000 r--s 0003a000 08:13 28971265                   /usr/lib/jvm/java-8-openjdk-amd64/jre/lib/ext/sunjce_provider.jar
7fd2003bc000-7fd2003bf000 r--s 0000f000 08:13 28971226                   /usr/lib/jvm/java-8-openjdk-amd64/jre/lib/ext/icedtea-sound.jar
7fd2003bf000-7fd2003c0000 r--s 00008000 08:13 28971267                   /usr/lib/jvm/java-8-openjdk-amd64/jre/lib/ext/sunec.jar
7fd2003c0000-7fd2003c8000 rw-s 00000000 08:13 17432638                   /tmp/hsperfdata_dona/7675
7fd2003c8000-7fd2003c9000 rw-p 00000000 00:00 0 
7fd2003c9000-7fd2003ca000 r--p 00000000 00:00 0 
7fd2003ca000-7fd2003cc000 rw-p 00000000 00:00 0 
7fd2003cc000-7fd2003cd000 r--p 00025000 08:13 1053014                    /lib/x86_64-linux-gnu/ld-2.23.so
7fd2003cd000-7fd2003ce000 rw-p 00026000 08:13 1053014                    /lib/x86_64-linux-gnu/ld-2.23.so
7fd2003ce000-7fd2003cf000 rw-p 00000000 00:00 0 
7ffd7cabc000-7ffd7cadd000 rw-p 00000000 00:00 0                          [stack]
7ffd7cb6e000-7ffd7cb70000 r--p 00000000 00:00 0                          [vvar]
7ffd7cb70000-7ffd7cb72000 r-xp 00000000 00:00 0                          [vdso]
ffffffffff600000-ffffffffff601000 r-xp 00000000 00:00 0                  [vsyscall]

VM Arguments:
jvm_args: -agentlib:jdwp=transport=dt_socket,address=127.0.0.1:33169,suspend=y,server=n -Dfile.encoding=UTF-8 
java_command: main.TaskManager
java_class_path (initial): /usr/lib/jvm/java-1.8.0-openjdk-amd64/jre/lib/charsets.jar:/usr/lib/jvm/java-1.8.0-openjdk-amd64/jre/lib/ext/cldrdata.jar:/usr/lib/jvm/java-1.8.0-openjdk-amd64/jre/lib/ext/dnsns.jar:/usr/lib/jvm/java-1.8.0-openjdk-amd64/jre/lib/ext/icedtea-sound.jar:/usr/lib/jvm/java-1.8.0-openjdk-amd64/jre/lib/ext/jaccess.jar:/usr/lib/jvm/java-1.8.0-openjdk-amd64/jre/lib/ext/localedata.jar:/usr/lib/jvm/java-1.8.0-openjdk-amd64/jre/lib/ext/nashorn.jar:/usr/lib/jvm/java-1.8.0-openjdk-amd64/jre/lib/ext/sunec.jar:/usr/lib/jvm/java-1.8.0-openjdk-amd64/jre/lib/ext/sunjce_provider.jar:/usr/lib/jvm/java-1.8.0-openjdk-amd64/jre/lib/ext/sunpkcs11.jar:/usr/lib/jvm/java-1.8.0-openjdk-amd64/jre/lib/ext/zipfs.jar:/usr/lib/jvm/java-1.8.0-openjdk-amd64/jre/lib/jce.jar:/usr/lib/jvm/java-1.8.0-openjdk-amd64/jre/lib/jsse.jar:/usr/lib/jvm/java-1.8.0-openjdk-amd64/jre/lib/management-agent.jar:/usr/lib/jvm/java-1.8.0-openjdk-amd64/jre/lib/resources.jar:/usr/lib/jvm/java-1.8.0-openjdk-amd64/jre/lib/rt.jar:/home/dona/IdeaProjects/TaskManager/out/production/TaskManager:/home/dona/IdeaProjects/TaskManager/lib/jboss-transaction-api_1.1_spec-1.0.1.Final.jar:/home/dona/IdeaProjects/TaskManager/lib/hibernate-jpa-2.0-api-1.0.1.Final.jar:/home/dona/IdeaProjects/TaskManager/lib/jboss-logging-3.1.0.GA.jar:/home/dona/IdeaProjects/TaskManager/lib/hibernate-commons-annotations-4.0.2.Final.jar:/home/dona/IdeaProjects/TaskManager/lib/antlr-2.7.7.jar:/home/dona/IdeaProjects/TaskManager/lib/dom4j-1.6.1.jar:/home/dona/IdeaProjects/TaskManager/lib/javassist-3.15.0-GA.jar:/home/dona/IdeaProjects/TaskManager/lib/hibernate-core-4.2.2.Final.jar:/home/dona/IdeaProjects/TaskManager/lib/mysql-connector-java-5.1.39-bin.jar:/opt/idea-IU-145.972.3/lib/idea_rt.jar
Launcher Type: SUN_STANDARD

Environment Variables:
PATH=/usr/local/sbin:/usr/local/bin:/usr/sbin:/usr/bin:/sbin:/bin:/usr/games:/usr/local/games:/snap/bin
LD_LIBRARY_PATH=/opt/idea-IU-145.972.3/bin:
SHELL=/bin/bash
DISPLAY=:0

Signal Handlers:
SIGSEGV: [libjvm.so+0xa5e090], sa_mask[0]=11111111011111111101111111111110, sa_flags=SA_RESTART|SA_SIGINFO
SIGBUS: [libjvm.so+0xa5e090], sa_mask[0]=11111111011111111101111111111110, sa_flags=SA_RESTART|SA_SIGINFO
SIGFPE: [libjvm.so+0x8a9800], sa_mask[0]=11111111011111111101111111111110, sa_flags=SA_RESTART|SA_SIGINFO
SIGPIPE: [libjvm.so+0x8a9800], sa_mask[0]=11111111011111111101111111111110, sa_flags=SA_RESTART|SA_SIGINFO
SIGXFSZ: [libjvm.so+0x8a9800], sa_mask[0]=11111111011111111101111111111110, sa_flags=SA_RESTART|SA_SIGINFO
SIGILL: [libjvm.so+0x8a9800], sa_mask[0]=11111111011111111101111111111110, sa_flags=SA_RESTART|SA_SIGINFO
SIGUSR1: SIG_DFL, sa_mask[0]=00000000000000000000000000000000, sa_flags=none
SIGUSR2: [libjvm.so+0x8a96b0], sa_mask[0]=00100000000000000000000000000000, sa_flags=SA_RESTART|SA_SIGINFO
SIGHUP: [libjvm.so+0x8a9b80], sa_mask[0]=11111111011111111101111111111110, sa_flags=SA_RESTART|SA_SIGINFO
SIGINT: [libjvm.so+0x8a9b80], sa_mask[0]=11111111011111111101111111111110, sa_flags=SA_RESTART|SA_SIGINFO
SIGTERM: [libjvm.so+0x8a9b80], sa_mask[0]=11111111011111111101111111111110, sa_flags=SA_RESTART|SA_SIGINFO
SIGQUIT: [libjvm.so+0x8a9b80], sa_mask[0]=11111111011111111101111111111110, sa_flags=SA_RESTART|SA_SIGINFO


---------------  S Y S T E M  ---------------

OS:DISTRIB_ID=Ubuntu
DISTRIB_RELEASE=16.04
DISTRIB_CODENAME=xenial
DISTRIB_DESCRIPTION="Ubuntu 16.04 LTS"

uname:Linux 4.4.0-22-generic #40-Ubuntu SMP Thu May 12 22:03:46 UTC 2016 x86_64
libc:glibc 2.23 NPTL 2.23 
rlimit: STACK 8192k, CORE 0k, NPROC 30400, NOFILE 65536, AS infinity
load average:0,57 0,36 0,30

/proc/meminfo:
MemTotal:        8029520 kB
MemFree:         2308820 kB
MemAvailable:    3918340 kB
Buffers:          128408 kB
Cached:          1453012 kB
SwapCached:            0 kB
Active:          4720588 kB
Inactive:         716884 kB
Active(anon):    3858176 kB
Inactive(anon):    28228 kB
Active(file):     862412 kB
Inactive(file):   688656 kB
Unevictable:          32 kB
Mlocked:              32 kB
SwapTotal:       7886844 kB
SwapFree:        7886844 kB
Dirty:              4216 kB
Writeback:             0 kB
AnonPages:       3856260 kB
Mapped:           348688 kB
Shmem:             30356 kB
Slab:             141612 kB
SReclaimable:     100644 kB
SUnreclaim:        40968 kB
KernelStack:       12048 kB
PageTables:        40216 kB
NFS_Unstable:          0 kB
Bounce:                0 kB
WritebackTmp:          0 kB
CommitLimit:    11901604 kB
Committed_AS:    8463040 kB
VmallocTotal:   34359738367 kB
VmallocUsed:           0 kB
VmallocChunk:          0 kB
HardwareCorrupted:     0 kB
AnonHugePages:   2459648 kB
CmaTotal:              0 kB
CmaFree:               0 kB
HugePages_Total:       0
HugePages_Free:        0
HugePages_Rsvd:        0
HugePages_Surp:        0
Hugepagesize:       2048 kB
DirectMap4k:      190652 kB
DirectMap2M:     7004160 kB
DirectMap1G:     1048576 kB


CPU:total 8 (4 cores per cpu, 2 threads per core) family 6 model 60 stepping 3, cmov, cx8, fxsr, mmx, sse, sse2, sse3, ssse3, sse4.1, sse4.2, popcnt, avx, avx2, aes, clmul, erms, lzcnt, ht, tsc, tscinvbit, bmi1, bmi2

/proc/cpuinfo:
processor	: 0
vendor_id	: GenuineIntel
cpu family	: 6
model		: 60
model name	: Intel(R) Core(TM) i7-4770 CPU @ 3.40GHz
stepping	: 3
microcode	: 0x1e
cpu MHz		: 3730.039
cache size	: 8192 KB
physical id	: 0
siblings	: 8
core id		: 0
cpu cores	: 4
apicid		: 0
initial apicid	: 0
fpu		: yes
fpu_exception	: yes
cpuid level	: 13
wp		: yes
flags		: fpu vme de pse tsc msr pae mce cx8 apic sep mtrr pge mca cmov pat pse36 clflush dts acpi mmx fxsr sse sse2 ss ht tm pbe syscall nx pdpe1gb rdtscp lm constant_tsc arch_perfmon pebs bts rep_good nopl xtopology nonstop_tsc aperfmperf eagerfpu pni pclmulqdq dtes64 monitor ds_cpl vmx smx est tm2 ssse3 sdbg fma cx16 xtpr pdcm pcid sse4_1 sse4_2 x2apic movbe popcnt tsc_deadline_timer aes xsave avx f16c rdrand lahf_lm abm epb tpr_shadow vnmi flexpriority ept vpid fsgsbase tsc_adjust bmi1 avx2 smep bmi2 erms invpcid xsaveopt dtherm ida arat pln pts
bugs		:
bogomips	: 6783.87
clflush size	: 64
cache_alignment	: 64
address sizes	: 39 bits physical, 48 bits virtual
power management:

processor	: 1
vendor_id	: GenuineIntel
cpu family	: 6
model		: 60
model name	: Intel(R) Core(TM) i7-4770 CPU @ 3.40GHz
stepping	: 3
microcode	: 0x1e
cpu MHz		: 3731.367
cache size	: 8192 KB
physical id	: 0
siblings	: 8
core id		: 1
cpu cores	: 4
apicid		: 2
initial apicid	: 2
fpu		: yes
fpu_exception	: yes
cpuid level	: 13
wp		: yes
flags		: fpu vme de pse tsc msr pae mce cx8 apic sep mtrr pge mca cmov pat pse36 clflush dts acpi mmx fxsr sse sse2 ss ht tm pbe syscall nx pdpe1gb rdtscp lm constant_tsc arch_perfmon pebs bts rep_good nopl xtopology nonstop_tsc aperfmperf eagerfpu pni pclmulqdq dtes64 monitor ds_cpl vmx smx est tm2 ssse3 sdbg fma cx16 xtpr pdcm pcid sse4_1 sse4_2 x2apic movbe popcnt tsc_deadline_timer aes xsave avx f16c rdrand lahf_lm abm epb tpr_shadow vnmi flexpriority ept vpid fsgsbase tsc_adjust bmi1 avx2 smep bmi2 erms invpcid xsaveopt dtherm ida arat pln pts
bugs		:
bogomips	: 6783.87
clflush size	: 64
cache_alignment	: 64
address sizes	: 39 bits physical, 48 bits virtual
power management:

processor	: 2
vendor_id	: GenuineIntel
cpu family	: 6
model		: 60
model name	: Intel(R) Core(TM) i7-4770 CPU @ 3.40GHz
stepping	: 3
microcode	: 0x1e
cpu MHz		: 3706.929
cache size	: 8192 KB
physical id	: 0
siblings	: 8
core id		: 2
cpu cores	: 4
apicid		: 4
initial apicid	: 4
fpu		: yes
fpu_exception	: yes
cpuid level	: 13
wp		: yes
flags		: fpu vme de pse tsc msr pae mce cx8 apic sep mtrr pge mca cmov pat pse36 clflush dts acpi mmx fxsr sse sse2 ss ht tm pbe syscall nx pdpe1gb rdtscp lm constant_tsc arch_perfmon pebs bts rep_good nopl xtopology nonstop_tsc aperfmperf eagerfpu pni pclmulqdq dtes64 monitor ds_cpl vmx smx est tm2 ssse3 sdbg fma cx16 xtpr pdcm pcid sse4_1 sse4_2 x2apic movbe popcnt tsc_deadline_timer aes xsave avx f16c rdrand lahf_lm abm epb tpr_shadow vnmi flexpriority ept vpid fsgsbase tsc_adjust bmi1 avx2 smep bmi2 erms invpcid xsaveopt dtherm ida arat pln pts
bugs		:
bogomips	: 6783.87
clflush size	: 64
cache_alignment	: 64
address sizes	: 39 bits physical, 48 bits virtual
power management:

processor	: 3
vendor_id	: GenuineIntel
cpu family	: 6
model		: 60
model name	: Intel(R) Core(TM) i7-4770 CPU @ 3.40GHz
stepping	: 3
microcode	: 0x1e
cpu MHz		: 3845.187
cache size	: 8192 KB
physical id	: 0
siblings	: 8
core id		: 3
cpu cores	: 4
apicid		: 6
initial apicid	: 6
fpu		: yes
fpu_exception	: yes
cpuid level	: 13
wp		: yes
flags		: fpu vme de pse tsc msr pae mce cx8 apic sep mtrr pge mca cmov pat pse36 clflush dts acpi mmx fxsr sse sse2 ss ht tm pbe syscall nx pdpe1gb rdtscp lm constant_tsc arch_perfmon pebs bts rep_good nopl xtopology nonstop_tsc aperfmperf eagerfpu pni pclmulqdq dtes64 monitor ds_cpl vmx smx est tm2 ssse3 sdbg fma cx16 xtpr pdcm pcid sse4_1 sse4_2 x2apic movbe popcnt tsc_deadline_timer aes xsave avx f16c rdrand lahf_lm abm epb tpr_shadow vnmi flexpriority ept vpid fsgsbase tsc_adjust bmi1 avx2 smep bmi2 erms invpcid xsaveopt dtherm ida arat pln pts
bugs		:
bogomips	: 6783.87
clflush size	: 64
cache_alignment	: 64
address sizes	: 39 bits physical, 48 bits virtual
power management:

processor	: 4
vendor_id	: GenuineIntel
cpu family	: 6
model		: 60
model name	: Intel(R) Core(TM) i7-4770 CPU @ 3.40GHz
stepping	: 3
microcode	: 0x1e
cpu MHz		: 3772.140
cache size	: 8192 KB
physical id	: 0
siblings	: 8
core id		: 0
cpu cores	: 4
apicid		: 1
initial apicid	: 1
fpu		: yes
fpu_exception	: yes
cpuid level	: 13
wp		: yes
flags		: fpu vme de pse tsc msr pae mce cx8 apic sep mtrr pge mca cmov pat pse36 clflush dts acpi mmx fxsr sse sse2 ss ht tm pbe syscall nx pdpe1gb rdtscp lm constant_tsc arch_perfmon pebs bts rep_good nopl xtopology nonstop_tsc aperfmperf eagerfpu pni pclmulqdq dtes64 monitor ds_cpl vmx smx est tm2 ssse3 sdbg fma cx16 xtpr pdcm pcid sse4_1 sse4_2 x2apic movbe popcnt tsc_deadline_timer aes xsave avx f16c rdrand lahf_lm abm epb tpr_shadow vnmi flexpriority ept vpid fsgsbase tsc_adjust bmi1 avx2 smep bmi2 erms invpcid xsaveopt dtherm ida arat pln pts
bugs		:
bogomips	: 6783.87
clflush size	: 64
cache_alignment	: 64
address sizes	: 39 bits physical, 48 bits virtual
power management:

processor	: 5
vendor_id	: GenuineIntel
cpu family	: 6
model		: 60
model name	: Intel(R) Core(TM) i7-4770 CPU @ 3.40GHz
stepping	: 3
microcode	: 0x1e
cpu MHz		: 3761.250
cache size	: 8192 KB
physical id	: 0
siblings	: 8
core id		: 1
cpu cores	: 4
apicid		: 3
initial apicid	: 3
fpu		: yes
fpu_exception	: yes
cpuid level	: 13
wp		: yes
flags		: fpu vme de pse tsc msr pae mce cx8 apic sep mtrr pge mca cmov pat pse36 clflush dts acpi mmx fxsr sse sse2 ss ht tm pbe syscall nx pdpe1gb rdtscp lm constant_tsc arch_perfmon pebs bts rep_good nopl xtopology nonstop_tsc aperfmperf eagerfpu pni pclmulqdq dtes64 monitor ds_cpl vmx smx est tm2 ssse3 sdbg fma cx16 xtpr pdcm pcid sse4_1 sse4_2 x2apic movbe popcnt tsc_deadline_timer aes xsave avx f16c rdrand lahf_lm abm epb tpr_shadow vnmi flexpriority ept vpid fsgsbase tsc_adjust bmi1 avx2 smep bmi2 erms invpcid xsaveopt dtherm ida arat pln pts
bugs		:
bogomips	: 6783.87
clflush size	: 64
cache_alignment	: 64
address sizes	: 39 bits physical, 48 bits virtual
power management:

processor	: 6
vendor_id	: GenuineIntel
cpu family	: 6
model		: 60
model name	: Intel(R) Core(TM) i7-4770 CPU @ 3.40GHz
stepping	: 3
microcode	: 0x1e
cpu MHz		: 3739.203
cache size	: 8192 KB
physical id	: 0
siblings	: 8
core id		: 2
cpu cores	: 4
apicid		: 5
initial apicid	: 5
fpu		: yes
fpu_exception	: yes
cpuid level	: 13
wp		: yes
flags		: fpu vme de pse tsc msr pae mce cx8 apic sep mtrr pge mca cmov pat pse36 clflush dts acpi mmx fxsr sse sse2 ss ht tm pbe syscall nx pdpe1gb rdtscp lm constant_tsc arch_perfmon pebs bts rep_good nopl xtopology nonstop_tsc aperfmperf eagerfpu pni pclmulqdq dtes64 monitor ds_cpl vmx smx est tm2 ssse3 sdbg fma cx16 xtpr pdcm pcid sse4_1 sse4_2 x2apic movbe popcnt tsc_deadline_timer aes xsave avx f16c rdrand lahf_lm abm epb tpr_shadow vnmi flexpriority ept vpid fsgsbase tsc_adjust bmi1 avx2 smep bmi2 erms invpcid xsaveopt dtherm ida arat pln pts
bugs		:
bogomips	: 6783.87
clflush size	: 64
cache_alignment	: 64
address sizes	: 39 bits physical, 48 bits virtual
power management:

processor	: 7
vendor_id	: GenuineIntel
cpu family	: 6
model		: 60
model name	: Intel(R) Core(TM) i7-4770 CPU @ 3.40GHz
stepping	: 3
microcode	: 0x1e
cpu MHz		: 3765.632
cache size	: 8192 KB
physical id	: 0
siblings	: 8
core id		: 3
cpu cores	: 4
apicid		: 7
initial apicid	: 7
fpu		: yes
fpu_exception	: yes
cpuid level	: 13
wp		: yes
flags		: fpu vme de pse tsc msr pae mce cx8 apic sep mtrr pge mca cmov pat pse36 clflush dts acpi mmx fxsr sse sse2 ss ht tm pbe syscall nx pdpe1gb rdtscp lm constant_tsc arch_perfmon pebs bts rep_good nopl xtopology nonstop_tsc aperfmperf eagerfpu pni pclmulqdq dtes64 monitor ds_cpl vmx smx est tm2 ssse3 sdbg fma cx16 xtpr pdcm pcid sse4_1 sse4_2 x2apic movbe popcnt tsc_deadline_timer aes xsave avx f16c rdrand lahf_lm abm epb tpr_shadow vnmi flexpriority ept vpid fsgsbase tsc_adjust bmi1 avx2 smep bmi2 erms invpcid xsaveopt dtherm ida arat pln pts
bugs		:
bogomips	: 6783.87
clflush size	: 64
cache_alignment	: 64
address sizes	: 39 bits physical, 48 bits virtual
power management:



Memory: 4k page, physical 8029520k(2308820k free), swap 7886844k(7886844k free)

vm_info: OpenJDK 64-Bit Server VM (25.91-b14) for linux-amd64 JRE (1.8.0_91-8u91-b14-0ubuntu4~16.04.1-b14), built on Apr 23 2016 07:03:54 by "buildd" with gcc 5.3.1 20160413

time: Thu Jun  9 11:53:55 2016
elapsed time: 375 seconds (0d 0h 6m 15s)

